{
  "stats": {
    "suites": 4,
    "tests": 5,
    "passes": 5,
    "pending": 0,
    "failures": 0,
    "start": "2017-07-24T08:05:46.134Z",
    "end": "2017-07-24T08:05:46.149Z",
    "duration": 15,
    "testsRegistered": 5,
    "passPercent": 100,
    "pendingPercent": 0,
    "other": 0,
    "hasOther": false,
    "skipped": 0,
    "hasSkipped": false,
    "passPercentClass": "success",
    "pendingPercentClass": "danger"
  },
  "suites": {
    "title": "",
    "suites": [
      {
        "title": "枚举值转换函数测试",
        "suites": [],
        "tests": [
          {
            "title": "性别枚举值转换,1对应输出男",
            "fullTitle": "枚举值转换函数测试 性别枚举值转换,1对应输出男",
            "timedOut": false,
            "duration": 1,
            "state": "passed",
            "speed": "fast",
            "pass": true,
            "fail": false,
            "pending": false,
            "code": "var result = _util2.default.enumerationConversion(1);\nexpect(result).to.equal('男');",
            "err": {},
            "isRoot": false,
            "uuid": "22969bba-172f-4829-a2b5-b587dbea2e2f",
            "parentUUID": "8e5dfcc5-e95f-40db-8fee-344f2c0d6e1c",
            "isHook": false,
            "skipped": false
          },
          {
            "title": "性别枚举值转换,2对应输出女",
            "fullTitle": "枚举值转换函数测试 性别枚举值转换,2对应输出女",
            "timedOut": false,
            "duration": 0,
            "state": "passed",
            "speed": "fast",
            "pass": true,
            "fail": false,
            "pending": false,
            "code": "var result = _util2.default.enumerationConversion(2);\nexpect(result).to.equal('女');",
            "err": {},
            "isRoot": false,
            "uuid": "bccf62f1-eafa-4b9c-b07f-1d984a6a44b8",
            "parentUUID": "8e5dfcc5-e95f-40db-8fee-344f2c0d6e1c",
            "isHook": false,
            "skipped": false
          }
        ],
        "pending": [],
        "root": false,
        "_timeout": 2000,
        "file": "/test/enumerationConversion.test.js",
        "uuid": "8e5dfcc5-e95f-40db-8fee-344f2c0d6e1c",
        "beforeHooks": [],
        "afterHooks": [],
        "fullFile": "/Users/dave/Desktop/dave/project/aoaoBoss/aoao-boss-app/test/enumerationConversion.test.js",
        "passes": [
          {
            "title": "性别枚举值转换,1对应输出男",
            "fullTitle": "枚举值转换函数测试 性别枚举值转换,1对应输出男",
            "timedOut": false,
            "duration": 1,
            "state": "passed",
            "speed": "fast",
            "pass": true,
            "fail": false,
            "pending": false,
            "code": "var result = _util2.default.enumerationConversion(1);\nexpect(result).to.equal('男');",
            "err": {},
            "isRoot": false,
            "uuid": "22969bba-172f-4829-a2b5-b587dbea2e2f",
            "parentUUID": "8e5dfcc5-e95f-40db-8fee-344f2c0d6e1c",
            "isHook": false,
            "skipped": false
          },
          {
            "title": "性别枚举值转换,2对应输出女",
            "fullTitle": "枚举值转换函数测试 性别枚举值转换,2对应输出女",
            "timedOut": false,
            "duration": 0,
            "state": "passed",
            "speed": "fast",
            "pass": true,
            "fail": false,
            "pending": false,
            "code": "var result = _util2.default.enumerationConversion(2);\nexpect(result).to.equal('女');",
            "err": {},
            "isRoot": false,
            "uuid": "bccf62f1-eafa-4b9c-b07f-1d984a6a44b8",
            "parentUUID": "8e5dfcc5-e95f-40db-8fee-344f2c0d6e1c",
            "isHook": false,
            "skipped": false
          }
        ],
        "failures": [],
        "skipped": [],
        "hasBeforeHooks": false,
        "hasAfterHooks": false,
        "hasTests": true,
        "hasSuites": false,
        "totalTests": 2,
        "totalPasses": 2,
        "totalFailures": 0,
        "totalPending": 0,
        "totalSkipped": 0,
        "hasPasses": true,
        "hasFailures": false,
        "hasPending": false,
        "hasSkipped": false,
        "duration": 1,
        "rootEmpty": false
      },
      {
        "title": "高亮选择返回一个数字，类型为字符串,值为1",
        "suites": [],
        "tests": [
          {
            "title": "高亮选择返回一个数字，类型为字符串,值为1",
            "fullTitle": "高亮选择返回一个数字，类型为字符串,值为1 高亮选择返回一个数字，类型为字符串,值为1",
            "timedOut": false,
            "duration": 0,
            "state": "passed",
            "speed": "fast",
            "pass": true,
            "fail": false,
            "pending": false,
            "code": "// expect(result).to.equal('1');",
            "err": {},
            "isRoot": false,
            "uuid": "5b89f926-836b-4f2c-b6db-22d926195f12",
            "parentUUID": "068423df-9bd0-4694-bcaa-f669a0884246",
            "isHook": false,
            "skipped": false
          }
        ],
        "pending": [],
        "root": false,
        "_timeout": 2000,
        "file": "/test/information.test.js",
        "uuid": "068423df-9bd0-4694-bcaa-f669a0884246",
        "beforeHooks": [],
        "afterHooks": [],
        "fullFile": "/Users/dave/Desktop/dave/project/aoaoBoss/aoao-boss-app/test/information.test.js",
        "passes": [
          {
            "title": "高亮选择返回一个数字，类型为字符串,值为1",
            "fullTitle": "高亮选择返回一个数字，类型为字符串,值为1 高亮选择返回一个数字，类型为字符串,值为1",
            "timedOut": false,
            "duration": 0,
            "state": "passed",
            "speed": "fast",
            "pass": true,
            "fail": false,
            "pending": false,
            "code": "// expect(result).to.equal('1');",
            "err": {},
            "isRoot": false,
            "uuid": "5b89f926-836b-4f2c-b6db-22d926195f12",
            "parentUUID": "068423df-9bd0-4694-bcaa-f669a0884246",
            "isHook": false,
            "skipped": false
          }
        ],
        "failures": [],
        "skipped": [],
        "hasBeforeHooks": false,
        "hasAfterHooks": false,
        "hasTests": true,
        "hasSuites": false,
        "totalTests": 1,
        "totalPasses": 1,
        "totalFailures": 0,
        "totalPending": 0,
        "totalSkipped": 0,
        "hasPasses": true,
        "hasFailures": false,
        "hasPending": false,
        "hasSkipped": false,
        "duration": 0,
        "rootEmpty": false
      },
      {
        "title": "导航高亮显示",
        "suites": [],
        "tests": [
          {
            "title": "高亮选择返回一个数字，类型为字符串,值为1",
            "fullTitle": "导航高亮显示 高亮选择返回一个数字，类型为字符串,值为1",
            "timedOut": false,
            "duration": 0,
            "state": "passed",
            "speed": "fast",
            "pass": true,
            "fail": false,
            "pending": false,
            "code": "expect(result).to.equal('1');",
            "err": {},
            "isRoot": false,
            "uuid": "8c9b2cf7-dcb6-4c00-9765-af60ac83eded",
            "parentUUID": "9750007d-7621-465e-8093-6cbfafecbe92",
            "isHook": false,
            "skipped": false
          }
        ],
        "pending": [],
        "root": false,
        "_timeout": 2000,
        "file": "/test/navLight.js",
        "uuid": "9750007d-7621-465e-8093-6cbfafecbe92",
        "beforeHooks": [],
        "afterHooks": [],
        "fullFile": "/Users/dave/Desktop/dave/project/aoaoBoss/aoao-boss-app/test/navLight.js",
        "passes": [
          {
            "title": "高亮选择返回一个数字，类型为字符串,值为1",
            "fullTitle": "导航高亮显示 高亮选择返回一个数字，类型为字符串,值为1",
            "timedOut": false,
            "duration": 0,
            "state": "passed",
            "speed": "fast",
            "pass": true,
            "fail": false,
            "pending": false,
            "code": "expect(result).to.equal('1');",
            "err": {},
            "isRoot": false,
            "uuid": "8c9b2cf7-dcb6-4c00-9765-af60ac83eded",
            "parentUUID": "9750007d-7621-465e-8093-6cbfafecbe92",
            "isHook": false,
            "skipped": false
          }
        ],
        "failures": [],
        "skipped": [],
        "hasBeforeHooks": false,
        "hasAfterHooks": false,
        "hasTests": true,
        "hasSuites": false,
        "totalTests": 1,
        "totalPasses": 1,
        "totalFailures": 0,
        "totalPending": 0,
        "totalSkipped": 0,
        "hasPasses": true,
        "hasFailures": false,
        "hasPending": false,
        "hasSkipped": false,
        "duration": 0,
        "rootEmpty": false
      },
      {
        "title": "面包屑生成类的测试",
        "suites": [],
        "tests": [
          {
            "title": "结果是一个数组,包含两个元素",
            "fullTitle": "面包屑生成类的测试 结果是一个数组,包含两个元素",
            "timedOut": false,
            "duration": 3,
            "state": "passed",
            "speed": "fast",
            "pass": true,
            "fail": false,
            "pending": false,
            "code": "console.log(result1);\nconsole.log(result2);\nconsole.log(result3);\nassert.isArray(result1, 'result1 is a array?');\nassert.isArray(result2, 'result2 is a array?');\nassert.isArray(result3, 'result3 is a array?');\n// expect(flag).to.be.ok;",
            "err": {},
            "isRoot": false,
            "uuid": "1861c709-9aed-40f0-94d9-29ca4d7f6a00",
            "parentUUID": "0acbbcd5-66e5-43bf-bd35-2356d439e521",
            "isHook": false,
            "skipped": false
          }
        ],
        "pending": [],
        "root": false,
        "_timeout": 2000,
        "file": "/test/test.test.js",
        "uuid": "0acbbcd5-66e5-43bf-bd35-2356d439e521",
        "beforeHooks": [],
        "afterHooks": [],
        "fullFile": "/Users/dave/Desktop/dave/project/aoaoBoss/aoao-boss-app/test/test.test.js",
        "passes": [
          {
            "title": "结果是一个数组,包含两个元素",
            "fullTitle": "面包屑生成类的测试 结果是一个数组,包含两个元素",
            "timedOut": false,
            "duration": 3,
            "state": "passed",
            "speed": "fast",
            "pass": true,
            "fail": false,
            "pending": false,
            "code": "console.log(result1);\nconsole.log(result2);\nconsole.log(result3);\nassert.isArray(result1, 'result1 is a array?');\nassert.isArray(result2, 'result2 is a array?');\nassert.isArray(result3, 'result3 is a array?');\n// expect(flag).to.be.ok;",
            "err": {},
            "isRoot": false,
            "uuid": "1861c709-9aed-40f0-94d9-29ca4d7f6a00",
            "parentUUID": "0acbbcd5-66e5-43bf-bd35-2356d439e521",
            "isHook": false,
            "skipped": false
          }
        ],
        "failures": [],
        "skipped": [],
        "hasBeforeHooks": false,
        "hasAfterHooks": false,
        "hasTests": true,
        "hasSuites": false,
        "totalTests": 1,
        "totalPasses": 1,
        "totalFailures": 0,
        "totalPending": 0,
        "totalSkipped": 0,
        "hasPasses": true,
        "hasFailures": false,
        "hasPending": false,
        "hasSkipped": false,
        "duration": 3,
        "rootEmpty": false
      }
    ],
    "tests": [],
    "pending": [],
    "root": true,
    "_timeout": 2000,
    "uuid": "2fdf508b-3001-4b46-b141-63ab68d67a5d",
    "beforeHooks": [],
    "afterHooks": [],
    "fullFile": "",
    "file": "",
    "passes": [],
    "failures": [],
    "skipped": [],
    "hasBeforeHooks": false,
    "hasAfterHooks": false,
    "hasTests": false,
    "hasSuites": true,
    "totalTests": 0,
    "totalPasses": 0,
    "totalFailures": 0,
    "totalPending": 0,
    "totalSkipped": 0,
    "hasPasses": false,
    "hasFailures": false,
    "hasPending": false,
    "hasSkipped": false,
    "duration": 0,
    "rootEmpty": true
  },
  "allTests": [
    {
      "title": "性别枚举值转换,1对应输出男",
      "fullTitle": "枚举值转换函数测试 性别枚举值转换,1对应输出男",
      "timedOut": false,
      "duration": 1,
      "state": "passed",
      "speed": "fast",
      "pass": true,
      "fail": false,
      "pending": false,
      "code": "var result = _util2.default.enumerationConversion(1);\nexpect(result).to.equal('男');",
      "err": {},
      "isRoot": false,
      "uuid": "22969bba-172f-4829-a2b5-b587dbea2e2f",
      "parentUUID": "8e5dfcc5-e95f-40db-8fee-344f2c0d6e1c",
      "isHook": false,
      "skipped": false
    },
    {
      "title": "性别枚举值转换,2对应输出女",
      "fullTitle": "枚举值转换函数测试 性别枚举值转换,2对应输出女",
      "timedOut": false,
      "duration": 0,
      "state": "passed",
      "speed": "fast",
      "pass": true,
      "fail": false,
      "pending": false,
      "code": "var result = _util2.default.enumerationConversion(2);\nexpect(result).to.equal('女');",
      "err": {},
      "isRoot": false,
      "uuid": "bccf62f1-eafa-4b9c-b07f-1d984a6a44b8",
      "parentUUID": "8e5dfcc5-e95f-40db-8fee-344f2c0d6e1c",
      "isHook": false,
      "skipped": false
    },
    {
      "title": "高亮选择返回一个数字，类型为字符串,值为1",
      "fullTitle": "高亮选择返回一个数字，类型为字符串,值为1 高亮选择返回一个数字，类型为字符串,值为1",
      "timedOut": false,
      "duration": 0,
      "state": "passed",
      "speed": "fast",
      "pass": true,
      "fail": false,
      "pending": false,
      "code": "// expect(result).to.equal('1');",
      "err": {},
      "isRoot": false,
      "uuid": "5b89f926-836b-4f2c-b6db-22d926195f12",
      "parentUUID": "068423df-9bd0-4694-bcaa-f669a0884246",
      "isHook": false,
      "skipped": false
    },
    {
      "title": "高亮选择返回一个数字，类型为字符串,值为1",
      "fullTitle": "导航高亮显示 高亮选择返回一个数字，类型为字符串,值为1",
      "timedOut": false,
      "duration": 0,
      "state": "passed",
      "speed": "fast",
      "pass": true,
      "fail": false,
      "pending": false,
      "code": "expect(result).to.equal('1');",
      "err": {},
      "isRoot": false,
      "uuid": "8c9b2cf7-dcb6-4c00-9765-af60ac83eded",
      "parentUUID": "9750007d-7621-465e-8093-6cbfafecbe92",
      "isHook": false,
      "skipped": false
    },
    {
      "title": "结果是一个数组,包含两个元素",
      "fullTitle": "面包屑生成类的测试 结果是一个数组,包含两个元素",
      "timedOut": false,
      "duration": 3,
      "state": "passed",
      "speed": "fast",
      "pass": true,
      "fail": false,
      "pending": false,
      "code": "console.log(result1);\nconsole.log(result2);\nconsole.log(result3);\nassert.isArray(result1, 'result1 is a array?');\nassert.isArray(result2, 'result2 is a array?');\nassert.isArray(result3, 'result3 is a array?');\n// expect(flag).to.be.ok;",
      "err": {},
      "isRoot": false,
      "uuid": "1861c709-9aed-40f0-94d9-29ca4d7f6a00",
      "parentUUID": "0acbbcd5-66e5-43bf-bd35-2356d439e521",
      "isHook": false,
      "skipped": false
    }
  ],
  "allPending": [],
  "allPasses": [
    {
      "title": "性别枚举值转换,1对应输出男",
      "fullTitle": "枚举值转换函数测试 性别枚举值转换,1对应输出男",
      "timedOut": false,
      "duration": 1,
      "state": "passed",
      "speed": "fast",
      "pass": true,
      "fail": false,
      "pending": false,
      "code": "var result = _util2.default.enumerationConversion(1);\nexpect(result).to.equal('男');",
      "err": {},
      "isRoot": false,
      "uuid": "22969bba-172f-4829-a2b5-b587dbea2e2f",
      "parentUUID": "8e5dfcc5-e95f-40db-8fee-344f2c0d6e1c",
      "isHook": false,
      "skipped": false
    },
    {
      "title": "性别枚举值转换,2对应输出女",
      "fullTitle": "枚举值转换函数测试 性别枚举值转换,2对应输出女",
      "timedOut": false,
      "duration": 0,
      "state": "passed",
      "speed": "fast",
      "pass": true,
      "fail": false,
      "pending": false,
      "code": "var result = _util2.default.enumerationConversion(2);\nexpect(result).to.equal('女');",
      "err": {},
      "isRoot": false,
      "uuid": "bccf62f1-eafa-4b9c-b07f-1d984a6a44b8",
      "parentUUID": "8e5dfcc5-e95f-40db-8fee-344f2c0d6e1c",
      "isHook": false,
      "skipped": false
    },
    {
      "title": "高亮选择返回一个数字，类型为字符串,值为1",
      "fullTitle": "高亮选择返回一个数字，类型为字符串,值为1 高亮选择返回一个数字，类型为字符串,值为1",
      "timedOut": false,
      "duration": 0,
      "state": "passed",
      "speed": "fast",
      "pass": true,
      "fail": false,
      "pending": false,
      "code": "// expect(result).to.equal('1');",
      "err": {},
      "isRoot": false,
      "uuid": "5b89f926-836b-4f2c-b6db-22d926195f12",
      "parentUUID": "068423df-9bd0-4694-bcaa-f669a0884246",
      "isHook": false,
      "skipped": false
    },
    {
      "title": "高亮选择返回一个数字，类型为字符串,值为1",
      "fullTitle": "导航高亮显示 高亮选择返回一个数字，类型为字符串,值为1",
      "timedOut": false,
      "duration": 0,
      "state": "passed",
      "speed": "fast",
      "pass": true,
      "fail": false,
      "pending": false,
      "code": "expect(result).to.equal('1');",
      "err": {},
      "isRoot": false,
      "uuid": "8c9b2cf7-dcb6-4c00-9765-af60ac83eded",
      "parentUUID": "9750007d-7621-465e-8093-6cbfafecbe92",
      "isHook": false,
      "skipped": false
    },
    {
      "title": "结果是一个数组,包含两个元素",
      "fullTitle": "面包屑生成类的测试 结果是一个数组,包含两个元素",
      "timedOut": false,
      "duration": 3,
      "state": "passed",
      "speed": "fast",
      "pass": true,
      "fail": false,
      "pending": false,
      "code": "console.log(result1);\nconsole.log(result2);\nconsole.log(result3);\nassert.isArray(result1, 'result1 is a array?');\nassert.isArray(result2, 'result2 is a array?');\nassert.isArray(result3, 'result3 is a array?');\n// expect(flag).to.be.ok;",
      "err": {},
      "isRoot": false,
      "uuid": "1861c709-9aed-40f0-94d9-29ca4d7f6a00",
      "parentUUID": "0acbbcd5-66e5-43bf-bd35-2356d439e521",
      "isHook": false,
      "skipped": false
    }
  ],
  "allFailures": [],
  "copyrightYear": 2017
}